#
# There is insufficient memory for the Java Runtime Environment to continue.
# Native memory allocation (malloc) failed to allocate 1130896 bytes for Chunk::new
# Possible reasons:
#   The system is out of physical RAM or swap space
#   The process is running with CompressedOops enabled, and the Java Heap may be blocking the growth of the native heap
# Possible solutions:
#   Reduce memory load on the system
#   Increase physical memory or swap space
#   Check if swap backing store is full
#   Decrease Java heap size (-Xmx/-Xms)
#   Decrease number of Java threads
#   Decrease Java thread stack sizes (-Xss)
#   Set larger code cache with -XX:ReservedCodeCacheSize=
#   JVM is running with Unscaled Compressed Oops mode in which the Java heap is
#     placed in the first 4GB address space. The Java Heap base address is the
#     maximum limit for the native heap growth. Please use -XX:HeapBaseMinAddress
#     to set the Java Heap base and to place the Java Heap above 4GB virtual address.
# This output file may be truncated or incomplete.
#
#  Out of Memory Error (allocation.cpp:389), pid=8020, tid=0x0000000000001488
#
# JRE version: OpenJDK Runtime Environment (8.0_232-b09) (build 1.8.0_232-b09)
# Java VM: OpenJDK 64-Bit Server VM (25.232-b09 mixed mode windows-amd64 compressed oops)
# Failed to write core dump. Minidumps are not enabled by default on client versions of Windows
#

---------------  T H R E A D  ---------------

Current thread (0x0000000018c16800):  JavaThread "C2 CompilerThread1" daemon [_thread_in_native, id=5256, stack(0x0000000019b30000,0x0000000019c30000)]

Stack: [0x0000000019b30000,0x0000000019c30000]
[error occurred during error reporting (printing stack bounds), id 0xc0000005]

Native frames: (J=compiled Java code, j=interpreted, Vv=VM code, C=native code)


Current CompileTask:
C2:   2120 2418       4       java.io.WinNTFileSystem::normalize (143 bytes)


---------------  P R O C E S S  ---------------

Java Threads: ( => current thread )
  0x000000001af8d000 JavaThread "Exec Input Stream Pumper" daemon [_thread_blocked, id=6064, stack(0x000000001e0a0000,0x000000001e1a0000)]
  0x000000001af8a800 JavaThread "Exec Stream Pumper" daemon [_thread_in_native, id=9096, stack(0x000000001dfa0000,0x000000001e0a0000)]
  0x000000001ae05000 JavaThread "Exec Stream Pumper" daemon [_thread_in_native, id=6672, stack(0x000000001dea0000,0x000000001dfa0000)]
  0x0000000018c9d800 JavaThread "Service Thread" daemon [_thread_blocked, id=392, stack(0x0000000019d30000,0x0000000019e30000)]
  0x0000000018c28000 JavaThread "C1 CompilerThread2" daemon [_thread_blocked, id=6616, stack(0x0000000019c30000,0x0000000019d30000)]
=>0x0000000018c16800 JavaThread "C2 CompilerThread1" daemon [_thread_in_native, id=5256, stack(0x0000000019b30000,0x0000000019c30000)]
  0x0000000018c12800 JavaThread "C2 CompilerThread0" daemon [_thread_blocked, id=7096, stack(0x0000000019a30000,0x0000000019b30000)]
  0x0000000018c24800 JavaThread "Attach Listener" daemon [_thread_blocked, id=1032, stack(0x0000000019930000,0x0000000019a30000)]
  0x0000000018c21800 JavaThread "Signal Dispatcher" daemon [_thread_blocked, id=7436, stack(0x0000000019830000,0x0000000019930000)]
  0x00000000180c9800 JavaThread "Finalizer" daemon [_thread_blocked, id=9176, stack(0x00000000196d0000,0x00000000197d0000)]
  0x00000000180c6000 JavaThread "Reference Handler" daemon [_thread_blocked, id=8324, stack(0x00000000195d0000,0x00000000196d0000)]
  0x00000000033f8000 JavaThread "main" [_thread_in_native, id=6396, stack(0x00000000032b0000,0x00000000033b0000)]

Other Threads:
  0x0000000018007000 VMThread [stack: 0x00000000194d0000,0x00000000195d0000] [id=8216]
  0x0000000018caf800 WatcherThread [stack: 0x0000000019e30000,0x0000000019f30000] [id=8696]

VM state:not at safepoint (normal execution)

VM Mutex/Monitor currently owned by a thread: None

heap address: 0x0000000080a00000, size: 2038 MB, Compressed Oops mode: 32-bit
Narrow klass base: 0x0000000000000000, Narrow klass shift: 3
Compressed class space size: 1073741824 Address: 0x0000000100000000

Heap:
 PSYoungGen      total 38400K, used 23050K [0x00000000d5900000, 0x00000000da400000, 0x0000000100000000)
  eden space 33280K, 53% used [0x00000000d5900000,0x00000000d6a83480,0x00000000d7980000)
  from space 5120K, 99% used [0x00000000d7980000,0x00000000d7e7f630,0x00000000d7e80000)
  to   space 5120K, 0% used [0x00000000d9f00000,0x00000000d9f00000,0x00000000da400000)
 ParOldGen       total 87552K, used 4572K [0x0000000080a00000, 0x0000000085f80000, 0x00000000d5900000)
  object space 87552K, 5% used [0x0000000080a00000,0x0000000080e772e0,0x0000000085f80000)
 Metaspace       used 16448K, capacity 16880K, committed 17152K, reserved 1064960K
  class space    used 1891K, capacity 1989K, committed 2048K, reserved 1048576K

Card table byte_map: [0x0000000012870000,0x0000000012c70000] byte_map_base: 0x000000001246b000

Marking Bits: (ParMarkBitMap*) 0x0000000050aa8170
 Begin Bits: [0x0000000013320000, 0x00000000152f8000)
 End Bits:   [0x00000000152f8000, 0x00000000172d0000)

Polling page: 0x00000000016c0000

CodeCache: size=245760Kb used=8069Kb max_used=8069Kb free=237690Kb
 bounds [0x00000000034b0000, 0x0000000003ca0000, 0x00000000124b0000]
 total_blobs=2760 nmethods=2416 adapters=257
 compilation: enabled

Compilation events (250 events):
Event: 1.836 Thread 0x0000000018c28000 nmethod 2294 0x0000000003c21c90 code [0x0000000003c21e20, 0x0000000003c22230]
Event: 1.836 Thread 0x0000000018c28000 2297       1       java.util.Collections$EmptySet::isEmpty (2 bytes)
Event: 1.836 Thread 0x0000000018c28000 nmethod 2297 0x0000000003c219d0 code [0x0000000003c21b20, 0x0000000003c21c30]
Event: 1.836 Thread 0x0000000018c28000 2298       3       java.io.File::hashCode (8 bytes)
Event: 1.837 Thread 0x0000000018c28000 nmethod 2298 0x0000000003c21390 code [0x0000000003c21520, 0x0000000003c21878]
Event: 1.837 Thread 0x0000000018c12800 nmethod 2290 0x0000000003c1db10 code [0x0000000003c1dc60, 0x0000000003c1de98]
Event: 1.837 Thread 0x0000000018c28000 2299       3       java.io.WinNTFileSystem::hashCode (17 bytes)
Event: 1.837 Thread 0x0000000018c12800 2295   !   4       org.apache.maven.model.interpolation.StringSearchModelInterpolator$InterpolateObjectAction$ListField::doInterpolate (139 bytes)
Event: 1.837 Thread 0x0000000018c28000 nmethod 2299 0x0000000003c1f010 code [0x0000000003c1f180, 0x0000000003c1f478]
Event: 1.839 Thread 0x0000000018c28000 2301  s    3       java.io.ExpiringCache::put (70 bytes)
Event: 1.840 Thread 0x0000000018c28000 nmethod 2301 0x0000000003c1e3d0 code [0x0000000003c1e5a0, 0x0000000003c1ed08]
Event: 1.840 Thread 0x0000000018c28000 2302       3       java.io.ExpiringCache$Entry::<init> (15 bytes)
Event: 1.840 Thread 0x0000000018c28000 nmethod 2302 0x0000000003c24890 code [0x0000000003c249e0, 0x0000000003c24bb0]
Event: 1.840 Thread 0x0000000018c28000 2303       3       java.io.ExpiringCache$1::removeEldestEntry (20 bytes)
Event: 1.840 Thread 0x0000000018c28000 nmethod 2303 0x0000000003c24410 code [0x0000000003c24580, 0x0000000003c247d0]
Event: 1.841 Thread 0x0000000018c28000 2305       3       org.apache.maven.model.PluginContainer::setPlugins (6 bytes)
Event: 1.841 Thread 0x0000000018c28000 nmethod 2305 0x0000000003c1e090 code [0x0000000003c1e1e0, 0x0000000003c1e350]
Event: 1.842 Thread 0x0000000018c28000 2306 % !   3       sun.nio.cs.ISO_8859_1$Decoder::decodeArrayLoop @ 129 (263 bytes)
Event: 1.844 Thread 0x0000000018c28000 nmethod 2306% 0x0000000003c24c50 code [0x0000000003c25100, 0x0000000003c27cf8]
Event: 1.845 Thread 0x0000000018c12800 nmethod 2295 0x0000000003c23310 code [0x0000000003c234c0, 0x0000000003c23bf0]
Event: 1.845 Thread 0x0000000018c12800 2304   !   4       org.codehaus.plexus.util.xml.pull.MXParser::parseComment (486 bytes)
Event: 1.846 Thread 0x0000000018c28000 2307       3       java.io.FileInputStream::read (8 bytes)
Event: 1.847 Thread 0x0000000018c28000 nmethod 2307 0x0000000003c2cc50 code [0x0000000003c2cdc0, 0x0000000003c2cf48]
Event: 1.847 Thread 0x0000000018c28000 2308       3       org.apache.maven.model.building.ModelData::setRawModel (6 bytes)
Event: 1.847 Thread 0x0000000018c28000 nmethod 2308 0x0000000003c2c910 code [0x0000000003c2ca60, 0x0000000003c2cbd0]
Event: 1.847 Thread 0x0000000018c28000 2309       3       org.apache.maven.model.normalization.DefaultModelNormalizer::mergeDuplicates (264 bytes)
Event: 1.849 Thread 0x0000000018c12800 nmethod 2304 0x0000000003c2abd0 code [0x0000000003c2ad40, 0x0000000003c2b098]
Event: 1.849 Thread 0x0000000018c12800 2316       4       org.codehaus.plexus.interpolation.AbstractValueSource::clearFeedback (17 bytes)
Event: 1.849 Thread 0x0000000018c28000 nmethod 2309 0x0000000003c2ea90 code [0x0000000003c2efa0, 0x0000000003c32448]
Event: 1.849 Thread 0x0000000018c28000 2314       3       org.codehaus.plexus.interpolation.reflection.MethodMap::get (14 bytes)
Event: 1.850 Thread 0x0000000018c28000 nmethod 2314 0x0000000003c2a650 code [0x0000000003c2a7c0, 0x0000000003c2aae8]
Event: 1.850 Thread 0x0000000018c28000 2312       3       org.eclipse.aether.util.repository.DefaultMirrorSelector::getMirror (101 bytes)
Event: 1.850 Thread 0x0000000018c12800 nmethod 2316 0x0000000003c2d010 code [0x0000000003c2d160, 0x0000000003c2d1f8]
Event: 1.850 Thread 0x0000000018c12800 2293       4       org.codehaus.plexus.util.xml.Xpp3Dom::getAttributeNames (57 bytes)
Event: 1.850 Thread 0x0000000018c28000 nmethod 2312 0x0000000003c34310 code [0x0000000003c34560, 0x0000000003c35518]
Event: 1.850 Thread 0x0000000018c28000 2313       3       org.eclipse.aether.util.repository.DefaultMirrorSelector::findMirror (149 bytes)
Event: 1.851 Thread 0x0000000018c28000 nmethod 2313 0x0000000003c35cd0 code [0x0000000003c35f40, 0x0000000003c36f08]
Event: 1.851 Thread 0x0000000018c28000 2318       3       java.util.Collections$1::next (25 bytes)
Event: 1.851 Thread 0x0000000018c28000 nmethod 2318 0x0000000003c2a190 code [0x0000000003c2a300, 0x0000000003c2a568]
Event: 1.851 Thread 0x0000000018c28000 2310       3       org.apache.maven.model.profile.DefaultProfileActivationContext::setProjectProperties (28 bytes)
Event: 1.851 Thread 0x0000000018c28000 nmethod 2310 0x0000000003c2bfd0 code [0x0000000003c2c180, 0x0000000003c2c678]
Event: 1.851 Thread 0x0000000018c28000 2320       3       java.util.Collections$SingletonSet::iterator (8 bytes)
Event: 1.851 Thread 0x0000000018c28000 nmethod 2320 0x0000000003c2ba50 code [0x0000000003c2bbc0, 0x0000000003c2be90]
Event: 1.851 Thread 0x0000000018c28000 2319       1       org.eclipse.aether.graph.DefaultDependencyNode::getDependency (5 bytes)
Event: 1.851 Thread 0x0000000018c28000 nmethod 2319 0x0000000003c29ed0 code [0x0000000003c2a020, 0x0000000003c2a130]
Event: 1.851 Thread 0x0000000018c28000 2321       1       org.eclipse.aether.graph.DefaultDependencyNode::getRelocations (5 bytes)
Event: 1.851 Thread 0x0000000018c28000 nmethod 2321 0x0000000003c2b790 code [0x0000000003c2b8e0, 0x0000000003c2b9f0]
Event: 1.851 Thread 0x0000000018c28000 2322       1       org.eclipse.aether.graph.DefaultDependencyNode::getAliases (5 bytes)
Event: 1.851 Thread 0x0000000018c28000 nmethod 2322 0x0000000003c2b410 code [0x0000000003c2b560, 0x0000000003c2b670]
Event: 1.852 Thread 0x0000000018c28000 2323       3       java.lang.Integer::hashCode (8 bytes)
Event: 1.852 Thread 0x0000000018c28000 nmethod 2323 0x0000000003c2e6d0 code [0x0000000003c2e820, 0x0000000003c2e9d0]
Event: 1.852 Thread 0x0000000018c28000 2324       3       java.lang.Integer::hashCode (2 bytes)
Event: 1.852 Thread 0x0000000018c28000 nmethod 2324 0x0000000003c2e3d0 code [0x0000000003c2e520, 0x0000000003c2e650]
Event: 1.852 Thread 0x0000000018c28000 2311       3       org.apache.maven.model.building.ModelData::setActiveProfiles (6 bytes)
Event: 1.852 Thread 0x0000000018c28000 nmethod 2311 0x0000000003c2e090 code [0x0000000003c2e1e0, 0x0000000003c2e350]
Event: 1.852 Thread 0x0000000018c28000 2325       3       java.util.HashSet::isEmpty (8 bytes)
Event: 1.852 Thread 0x0000000018c28000 nmethod 2325 0x0000000003c2dbd0 code [0x0000000003c2dd40, 0x0000000003c2dfd0]
Event: 1.852 Thread 0x0000000018c28000 2326       3       java.util.HashMap$KeySet::iterator (12 bytes)
Event: 1.852 Thread 0x0000000018c12800 nmethod 2293 0x0000000003c2d5d0 code [0x0000000003c2d740, 0x0000000003c2d998]
Event: 1.852 Thread 0x0000000018c12800 2300       4       java.util.Hashtable$Enumerator::hasNext (5 bytes)
Event: 1.852 Thread 0x0000000018c28000 nmethod 2326 0x0000000003c39ed0 code [0x0000000003c3a040, 0x0000000003c3a2a8]
Event: 1.852 Thread 0x0000000018c28000 2317       1       org.apache.maven.model.building.DefaultModelBuildingResult::getEffectiveModel (5 bytes)
Event: 1.852 Thread 0x0000000018c28000 nmethod 2317 0x0000000003c2d310 code [0x0000000003c2d460, 0x0000000003c2d570]
Event: 1.852 Thread 0x0000000018c28000 2328       3       org.eclipse.aether.util.graph.transformer.ConflictResolver::gatherConflictItems (111 bytes)
Event: 1.853 Thread 0x0000000018c28000 nmethod 2328 0x0000000003c38910 code [0x0000000003c38b60, 0x0000000003c39a28]
Event: 1.853 Thread 0x0000000018c28000 2329       3       java.lang.Integer::equals (29 bytes)
Event: 1.853 Thread 0x0000000018c28000 nmethod 2329 0x0000000003c38250 code [0x0000000003c383c0, 0x0000000003c38830]
Event: 1.853 Thread 0x0000000018c28000 2330       1       org.eclipse.aether.graph.DefaultDependencyNode::getManagedBits (5 bytes)
Event: 1.853 Thread 0x0000000018c28000 nmethod 2330 0x0000000003c37f90 code [0x0000000003c380e0, 0x0000000003c381f0]
Event: 1.853 Thread 0x0000000018c28000 2332       3       org.eclipse.aether.util.graph.transformer.ConflictResolver$State::push (447 bytes)
Event: 1.854 Thread 0x0000000018c12800 nmethod 2300 0x0000000003c37c50 code [0x0000000003c37d80, 0x0000000003c37ed8]
Event: 1.854 Thread 0x0000000018c12800 2327       4       java.util.HashMap::get (23 bytes)
Event: 1.855 Thread 0x0000000018c28000 nmethod 2332 0x0000000003c3d0d0 code [0x0000000003c3d540, 0x0000000003c3fed8]
Event: 1.855 Thread 0x0000000018c28000 2331       3       org.eclipse.aether.util.graph.transformer.ConflictResolver$State::loser (29 bytes)
Event: 1.855 Thread 0x0000000018c28000 nmethod 2331 0x0000000003c37550 code [0x0000000003c376c0, 0x0000000003c37a88]
Event: 1.855 Thread 0x0000000018c28000 2333       3       org.eclipse.aether.graph.Dependency::isOptional (11 bytes)
Event: 1.855 Thread 0x0000000018c28000 nmethod 2333 0x0000000003c3c9d0 code [0x0000000003c3cb40, 0x0000000003c3cfb0]
Event: 1.855 Thread 0x0000000018c28000 2334       3       org.eclipse.aether.util.graph.transformer.ConflictResolver$State::deriveScope (83 bytes)
Event: 1.855 Thread 0x0000000018c28000 nmethod 2334 0x0000000003c3be10 code [0x0000000003c3bfe0, 0x0000000003c3c738]
Event: 1.855 Thread 0x0000000018c28000 2335       3       org.eclipse.aether.util.graph.transformer.ConflictResolver$State::deriveOptional (97 bytes)
Event: 1.856 Thread 0x0000000018c28000 nmethod 2335 0x0000000003c3acd0 code [0x0000000003c3aec0, 0x0000000003c3ba68]
Event: 1.856 Thread 0x0000000018c28000 2336       3       org.eclipse.aether.util.graph.transformer.ConflictResolver$State::scope (13 bytes)
Event: 1.856 Thread 0x0000000018c28000 nmethod 2336 0x0000000003c3a850 code [0x0000000003c3a9c0, 0x0000000003c3ac10]
Event: 1.856 Thread 0x0000000018c28000 2338       3       org.eclipse.aether.util.graph.transformer.ConflictResolver$State::depth (10 bytes)
Event: 1.856 Thread 0x0000000018c28000 nmethod 2338 0x0000000003c3a390 code [0x0000000003c3a500, 0x0000000003c3a728]
Event: 1.856 Thread 0x0000000018c28000 2339       3       org.eclipse.aether.util.graph.transformer.ConflictResolver$State::pop (76 bytes)
Event: 1.856 Thread 0x0000000018c28000 nmethod 2339 0x0000000003c413d0 code [0x0000000003c415a0, 0x0000000003c41d18]
Event: 1.856 Thread 0x0000000018c28000 2337       1       org.eclipse.aether.util.graph.transformer.ConflictResolver$ConflictItem::getDepth (5 bytes)
Event: 1.856 Thread 0x0000000018c28000 nmethod 2337 0x0000000003c41f90 code [0x0000000003c420e0, 0x0000000003c421f0]
Event: 1.857 Thread 0x0000000018c12800 nmethod 2327 0x0000000003c45150 code [0x0000000003c452a0, 0x0000000003c45578]
Event: 1.857 Thread 0x0000000018c12800 2315       4       java.util.HashMap::containsKey (18 bytes)
Event: 1.860 Thread 0x0000000018c12800 nmethod 2315 0x0000000003c45810 code [0x0000000003c45960, 0x0000000003c45c18]
Event: 1.860 Thread 0x0000000018c12800 2291       4       org.apache.maven.model.ConfigurationContainer::getLocation (25 bytes)
Event: 1.860 Thread 0x0000000018c12800 nmethod 2291 0x0000000003b52690 code [0x0000000003b527c0, 0x0000000003b52838]
Event: 1.860 Thread 0x0000000018c12800 2296       4       java.util.LinkedList::linkLast (59 bytes)
Event: 1.861 Thread 0x0000000018c12800 nmethod 2296 0x0000000003c45e90 code [0x0000000003c45fe0, 0x0000000003c46118]
Event: 1.867 Thread 0x0000000018c16800 nmethod 2287 0x0000000003c4ab90 code [0x0000000003c4ae20, 0x0000000003c4e068]
Event: 1.867 Thread 0x0000000018c28000 2340       3       org.eclipse.aether.artifact.AbstractArtifact::setVersion (40 bytes)
Event: 1.868 Thread 0x0000000018c28000 nmethod 2340 0x0000000003c44190 code [0x0000000003c443a0, 0x0000000003c44e28]
Event: 1.872 Thread 0x0000000018c28000 2341   !   3       org.apache.maven.eventspy.internal.EventSpyDispatcher::onEvent (67 bytes)
Event: 1.872 Thread 0x0000000018c28000 nmethod 2341 0x0000000003c43550 code [0x0000000003c43720, 0x0000000003c43ed8]
Event: 1.872 Thread 0x0000000018c28000 2342       3       org.netbeans.modules.maven.event.NbEventSpy::onEvent (1102 bytes)
Event: 1.872 Thread 0x0000000018c12800 2343       4       java.lang.String::replace (127 bytes)
Event: 1.877 Thread 0x0000000018c16800 2355       4       java.lang.String::contains (20 bytes)
Event: 1.877 Thread 0x0000000018c16800 nmethod 2355 0x0000000003c43150 code [0x0000000003c432a0, 0x0000000003c43478]
Event: 1.878 Thread 0x0000000018c12800 nmethod 2343 0x0000000003c429d0 code [0x0000000003c42b20, 0x0000000003c42fb8]
Event: 1.881 Thread 0x0000000018c16800 2358       4       java.util.concurrent.ConcurrentHashMap::addCount (292 bytes)
Event: 1.883 Thread 0x0000000018c28000 nmethod 2342 0x0000000003c51090 code [0x0000000003c52080, 0x0000000003c5e438]
Event: 1.883 Thread 0x0000000018c28000 2354       1       org.eclipse.aether.resolution.ArtifactResult::getRequest (5 bytes)
Event: 1.883 Thread 0x0000000018c16800 nmethod 2358 0x0000000003c42410 code [0x0000000003c42580, 0x0000000003c427d0]
Event: 1.883 Thread 0x0000000018c28000 nmethod 2354 0x0000000003c4a8d0 code [0x0000000003c4aa20, 0x0000000003c4ab30]
Event: 1.883 Thread 0x0000000018c28000 2344       3       java.io.File::getName (42 bytes)
Event: 1.883 Thread 0x0000000018c28000 nmethod 2344 0x0000000003c4a0d0 code [0x0000000003c4a260, 0x0000000003c4a728]
Event: 1.883 Thread 0x0000000018c28000 2345       3       org.eclipse.sisu.wire.EntrySetAdapter$ValueIterator::hasNext (10 bytes)
Event: 1.883 Thread 0x0000000018c28000 nmethod 2345 0x0000000003c49c90 code [0x0000000003c49e00, 0x0000000003c4a028]
Event: 1.883 Thread 0x0000000018c28000 2351       1       org.eclipse.aether.repository.LocalArtifactRequest::getContext (5 bytes)
Event: 1.884 Thread 0x0000000018c28000 nmethod 2351 0x0000000003c499d0 code [0x0000000003c49b20, 0x0000000003c49c30]
Event: 1.884 Thread 0x0000000018c28000 2352       1       org.eclipse.aether.repository.LocalArtifactRequest::getRepositories (5 bytes)
Event: 1.884 Thread 0x0000000018c28000 nmethod 2352 0x0000000003c49710 code [0x0000000003c49860, 0x0000000003c49970]
Event: 1.884 Thread 0x0000000018c28000 2353       1       org.eclipse.aether.repository.LocalArtifactResult::getFile (5 bytes)
Event: 1.884 Thread 0x0000000018c28000 nmethod 2353 0x0000000003c49450 code [0x0000000003c495a0, 0x0000000003c496b0]
Event: 1.884 Thread 0x0000000018c28000 2346       1       org.eclipse.aether.resolution.ArtifactRequest::getTrace (5 bytes)
Event: 1.884 Thread 0x0000000018c28000 nmethod 2346 0x0000000003c49190 code [0x0000000003c492e0, 0x0000000003c493f0]
Event: 1.884 Thread 0x0000000018c28000 2347       1       org.eclipse.aether.resolution.ArtifactRequest::getRepositories (5 bytes)
Event: 1.884 Thread 0x0000000018c28000 nmethod 2347 0x0000000003c48ed0 code [0x0000000003c49020, 0x0000000003c49130]
Event: 1.884 Thread 0x0000000018c28000 2348       1       org.eclipse.aether.resolution.VersionResult::getRepository (5 bytes)
Event: 1.884 Thread 0x0000000018c28000 nmethod 2348 0x0000000003c48c10 code [0x0000000003c48d60, 0x0000000003c48e70]
Event: 1.884 Thread 0x0000000018c28000 2349       1       org.eclipse.aether.repository.LocalArtifactRequest::getArtifact (5 bytes)
Event: 1.884 Thread 0x0000000018c28000 nmethod 2349 0x0000000003c48950 code [0x0000000003c48aa0, 0x0000000003c48bb0]
Event: 1.884 Thread 0x0000000018c28000 2350       1       java.nio.channels.FileLock::acquiredBy (5 bytes)
Event: 1.884 Thread 0x0000000018c28000 nmethod 2350 0x0000000003c48690 code [0x0000000003c487e0, 0x0000000003c488f0]
Event: 1.884 Thread 0x0000000018c28000 2356       1       org.apache.maven.artifact.DefaultArtifact::getGroupId (5 bytes)
Event: 1.884 Thread 0x0000000018c28000 nmethod 2356 0x0000000003c483d0 code [0x0000000003c48520, 0x0000000003c48630]
Event: 1.884 Thread 0x0000000018c28000 2357       1       org.apache.maven.artifact.DefaultArtifact::getArtifactId (5 bytes)
Event: 1.884 Thread 0x0000000018c28000 nmethod 2357 0x0000000003c48110 code [0x0000000003c48260, 0x0000000003c48370]
Event: 1.884 Thread 0x0000000018c28000 2360       3       java.util.TreeMap::successor (66 bytes)
Event: 1.885 Thread 0x0000000018c28000 nmethod 2360 0x0000000003c47a90 code [0x0000000003c47c20, 0x0000000003c47f90]
Event: 1.885 Thread 0x0000000018c28000 2359       3       java.util.TreeMap$PrivateEntryIterator::nextEntry (54 bytes)
Event: 1.885 Thread 0x0000000018c28000 nmethod 2359 0x0000000003c47350 code [0x0000000003c474e0, 0x0000000003c478a8]
Event: 1.885 Thread 0x0000000018c28000 2361       3       java.util.TreeMap$KeyIterator::next (8 bytes)
Event: 1.885 Thread 0x0000000018c28000 nmethod 2361 0x0000000003c46f10 code [0x0000000003c47080, 0x0000000003c47288]
Event: 1.885 Thread 0x0000000018c28000 2362       3       org.codehaus.plexus.classworlds.realm.Entry::matches (282 bytes)
Event: 1.886 Thread 0x0000000018c28000 nmethod 2362 0x0000000003c66250 code [0x0000000003c66620, 0x0000000003c693b8]
Event: 1.887 Thread 0x0000000018c28000 2363       3       com.google.inject.internal.util.SourceProvider::shouldBeSkipped (35 bytes)
Event: 1.887 Thread 0x0000000018c28000 nmethod 2363 0x0000000003c46610 code [0x0000000003c467c0, 0x0000000003c46d28]
Event: 1.887 Thread 0x0000000018c28000 2364       1       java.lang.StackTraceElement::getClassName (5 bytes)
Event: 1.887 Thread 0x0000000018c28000 nmethod 2364 0x0000000003c46350 code [0x0000000003c464a0, 0x0000000003c465b0]
Event: 1.888 Thread 0x0000000018c28000 2365       3       sun.reflect.generics.repository.AbstractRepository::getReifier (8 bytes)
Event: 1.888 Thread 0x0000000018c28000 nmethod 2365 0x0000000003c6a350 code [0x0000000003c6a4c0, 0x0000000003c6a7b0]
Event: 1.889 Thread 0x0000000018c28000 2366       1       com.google.common.base.Absent::isPresent (2 bytes)
Event: 1.889 Thread 0x0000000018c28000 nmethod 2366 0x0000000003c6a910 code [0x0000000003c6aa60, 0x0000000003c6ab70]
Event: 1.889 Thread 0x0000000018c28000 2367       1       com.google.inject.internal.ProviderMethodsModule::access$000 (5 bytes)
Event: 1.889 Thread 0x0000000018c28000 nmethod 2367 0x0000000003c6abd0 code [0x0000000003c6ad20, 0x0000000003c6ae10]
Event: 1.889 Thread 0x0000000018c28000 2368       3       com.google.common.collect.AbstractSetMultimap::put (7 bytes)
Event: 1.889 Thread 0x0000000018c28000 nmethod 2368 0x0000000003c6ae90 code [0x0000000003c6b000, 0x0000000003c6b188]
Event: 1.889 Thread 0x0000000018c28000 2369       3       com.google.common.collect.AbstractMapBasedMultimap::put (92 bytes)
Event: 1.889 Thread 0x0000000018c28000 nmethod 2369 0x0000000003c6b210 code [0x0000000003c6b3e0, 0x0000000003c6bbf8]
Event: 1.893 Thread 0x0000000018c12800 2370       4       java.util.HashMap::<init> (8 bytes)
Event: 1.894 Thread 0x0000000018c12800 nmethod 2370 0x0000000003c6eb90 code [0x0000000003c6ecc0, 0x0000000003c6edb8]
Event: 1.897 Thread 0x0000000018c16800 2371       4       java.util.jar.Manifest$FastInputStream::readLine (167 bytes)
Event: 1.899 Thread 0x0000000018c12800 2372       4       java.io.InputStreamReader::read (11 bytes)
Event: 1.899 Thread 0x0000000018c12800 nmethod 2372 0x0000000003c6eed0 code [0x0000000003c6f020, 0x0000000003c6f0c8]
Event: 1.900 Thread 0x0000000018c12800 2373       4       java.lang.String::valueOf (14 bytes)
Event: 1.900 Thread 0x0000000018c28000 2374       3       sun.net.www.protocol.file.Handler::parseURL (18 bytes)
Event: 1.900 Thread 0x0000000018c12800 nmethod 2373 0x0000000003ba6b90 code [0x0000000003ba6cc0, 0x0000000003ba6d38]
Event: 1.900 Thread 0x0000000018c28000 nmethod 2374 0x0000000003c6e690 code [0x0000000003c6e800, 0x0000000003c6ea78]
Event: 1.900 Thread 0x0000000018c28000 2375       3       java.net.URLStreamHandler::parseURL (1193 bytes)
Event: 1.901 Thread 0x0000000018c16800 nmethod 2371 0x0000000003c6c9d0 code [0x0000000003c6cb20, 0x0000000003c6cf28]
Event: 1.902 Thread 0x0000000018c12800 2377 %     4       java.io.WinNTFileSystem::normalize @ 61 (231 bytes)
Event: 1.906 Thread 0x0000000018c28000 nmethod 2375 0x0000000003c70cd0 code [0x0000000003c71820, 0x0000000003c7b668]
Event: 1.906 Thread 0x0000000018c28000 2376       3       sun.nio.cs.ext.DoubleByte$Encoder::encode (161 bytes)
Event: 1.907 Thread 0x0000000018c28000 nmethod 2376 0x0000000003c6d590 code [0x0000000003c6d760, 0x0000000003c6dfd0]
Event: 1.908 Thread 0x0000000018c16800 2378       4       java.lang.String::toUpperCase (439 bytes)
Event: 1.909 Thread 0x0000000018c28000 2379       3       java.net.URL::<init> (7 bytes)
Event: 1.909 Thread 0x0000000018c28000 nmethod 2379 0x0000000003c6c590 code [0x0000000003c6c700, 0x0000000003c6c908]
Event: 1.909 Thread 0x0000000018c28000 2380       3       java.lang.Character::isLetter (5 bytes)
Event: 1.909 Thread 0x0000000018c28000 nmethod 2380 0x0000000003c6be90 code [0x0000000003c6c020, 0x0000000003c6c378]
Event: 1.909 Thread 0x0000000018c28000 2381       3       java.lang.Character::isLetter (18 bytes)
Event: 1.909 Thread 0x0000000018c28000 nmethod 2381 0x0000000003c70710 code [0x0000000003c708a0, 0x0000000003c70b98]
Event: 1.909 Thread 0x0000000018c28000 2382       3       java.lang.Runtime::getRuntime (4 bytes)
Event: 1.909 Thread 0x0000000018c28000 nmethod 2382 0x0000000003c6d290 code [0x0000000003c6d3e0, 0x0000000003c6d510]
Event: 1.913 Thread 0x0000000018c28000 2384   !   3       com.sun.proxy.$Proxy4::annotationType (29 bytes)
Event: 1.913 Thread 0x0000000018c28000 nmethod 2384 0x0000000003c6ff90 code [0x0000000003c70120, 0x0000000003c70558]
Event: 1.913 Thread 0x0000000018c28000 2385       3       sun.net.www.protocol.jar.JarURLConnection::getUseCaches (8 bytes)
Event: 1.913 Thread 0x0000000018c28000 nmethod 2385 0x0000000003c6fb50 code [0x0000000003c6fcc0, 0x0000000003c6fee8]
Event: 1.914 Thread 0x0000000018c28000 2386       1       java.lang.StringCoding$StringEncoder::requestedCharsetName (5 bytes)
Event: 1.914 Thread 0x0000000018c28000 nmethod 2386 0x0000000003c6f890 code [0x0000000003c6f9e0, 0x0000000003c6faf0]
Event: 1.915 Thread 0x0000000018c28000 2387   !   3       java.net.URL::getURLStreamHandler (313 bytes)
Event: 1.917 Thread 0x0000000018c28000 nmethod 2387 0x0000000003c81e50 code [0x0000000003c82360, 0x0000000003c856d8]
Event: 1.918 Thread 0x0000000018c16800 nmethod 2378 0x0000000003c8ac90 code [0x0000000003c8ae20, 0x0000000003c8b858]
Event: 1.918 Thread 0x0000000018c16800 2383       4       java.util.HashSet::add (20 bytes)
Event: 1.919 Thread 0x0000000018c16800 nmethod 2383 0x0000000003c87c10 code [0x0000000003c87d80, 0x0000000003c87e78]
Event: 1.923 Thread 0x0000000018c28000 2389       1       java.security.Permission::getName (5 bytes)
Event: 1.923 Thread 0x0000000018c28000 nmethod 2389 0x0000000003c6f190 code [0x0000000003c6f2e0, 0x0000000003c6f3f0]
Event: 1.925 Thread 0x0000000018c16800 2390       4       java.util.HashMap::hash (20 bytes)
Event: 1.925 Thread 0x0000000018c16800 nmethod 2390 0x0000000003c87990 code [0x0000000003c87ac0, 0x0000000003c87b78]
Event: 1.926 Thread 0x0000000018c28000 2391       3       com.google.common.collect.ImmutableSet::copyOf (60 bytes)
Event: 1.926 Thread 0x0000000018c28000 nmethod 2391 0x0000000003c899d0 code [0x0000000003c89be0, 0x0000000003c8a858]
Event: 1.928 Thread 0x0000000018c12800 nmethod 2377% 0x0000000003c8f010 code [0x0000000003c8f200, 0x0000000003c90a30]
Event: 1.931 Thread 0x0000000018c28000 2392       3       org.eclipse.sisu.inject.Guice4::getProviderInstance (22 bytes)
Event: 1.931 Thread 0x0000000018c16800 2393       4       java.util.TreeMap$PrivateEntryIterator::hasNext (13 bytes)
Event: 1.931 Thread 0x0000000018c28000 nmethod 2392 0x0000000003c895d0 code [0x0000000003c89740, 0x0000000003c898f0]
Event: 1.931 Thread 0x0000000018c16800 nmethod 2393 0x0000000003c10b50 code [0x0000000003c10c80, 0x0000000003c10cf8]
Event: 1.937 Thread 0x0000000018c28000 2394       3       org.eclipse.sisu.wire.DependencyAnalyzer::analyzeDependencies (78 bytes)
Event: 1.938 Thread 0x0000000018c28000 nmethod 2394 0x0000000003c88490 code [0x0000000003c886a0, 0x0000000003c89198]
Event: 1.938 Thread 0x0000000018c28000 2395       1       java.util.Formatter$Flags::valueOf (5 bytes)
Event: 1.938 Thread 0x0000000018c28000 nmethod 2395 0x0000000003c87610 code [0x0000000003c87760, 0x0000000003c87870]
Event: 1.942 Thread 0x0000000018c28000 2396       3       com.google.common.collect.SingletonImmutableSet::contains (9 bytes)
Event: 1.943 Thread 0x0000000018c28000 nmethod 2396 0x0000000003c87f90 code [0x0000000003c88100, 0x0000000003c88328]
Event: 1.943 Thread 0x0000000018c28000 2397       3       com.google.common.cache.LocalCache::usesValueReferences (16 bytes)
Event: 1.943 Thread 0x0000000018c28000 nmethod 2397 0x0000000003c8ec90 code [0x0000000003c8ede0, 0x0000000003c8ef90]
Event: 1.943 Thread 0x0000000018c28000 2398       3       java.lang.Class$MethodArray::<init> (38 bytes)
Event: 1.943 Thread 0x0000000018c28000 nmethod 2398 0x0000000003c8e690 code [0x0000000003c8e800, 0x0000000003c8eb68]
Event: 1.943 Thread 0x0000000018c28000 2399       3       com.google.inject.internal.State$1::blacklist (1 bytes)
Event: 1.943 Thread 0x0000000018c28000 nmethod 2399 0x0000000003c8e350 code [0x0000000003c8e4a0, 0x0000000003c8e5f0]
Event: 1.943 Thread 0x0000000018c28000 2400       3       com.google.inject.internal.Scoping::scope (47 bytes)
Event: 1.944 Thread 0x0000000018c28000 nmethod 2400 0x0000000003c8c9d0 code [0x0000000003c8cc00, 0x0000000003c8d848]
Event: 1.944 Thread 0x0000000018c28000 2401       3       com.google.inject.internal.Scoping::isNoScope (16 bytes)
Event: 1.944 Thread 0x0000000018c28000 nmethod 2401 0x0000000003c8c550 code [0x0000000003c8c6c0, 0x0000000003c8c948]
Event: 1.946 Thread 0x0000000018c28000 2403       1       org.codehaus.plexus.classworlds.realm.Entry::getClassLoader (5 bytes)
Event: 1.946 Thread 0x0000000018c28000 nmethod 2403 0x0000000003c8c290 code [0x0000000003c8c3e0, 0x0000000003c8c4f0]
Event: 1.947 Thread 0x0000000018c28000 2404       3       java.security.SecureClassLoader::defineClass (16 bytes)
Event: 1.947 Thread 0x0000000018c28000 nmethod 2404 0x0000000003c91a10 code [0x0000000003c91b80, 0x0000000003c91df8]
Event: 1.948 Thread 0x0000000018c12800 2405       4       java.util.Hashtable$Enumerator::next (27 bytes)
Event: 1.948 Thread 0x0000000018c28000 2406       3       org.eclipse.sisu.space.AbstractDeferredClass::getImplementationClass (2 bytes)
Event: 1.948 Thread 0x0000000018c28000 nmethod 2406 0x0000000003c91ed0 code [0x0000000003c92020, 0x0000000003c92170]
Event: 1.948 Thread 0x0000000018c28000 2407       1       com.google.inject.internal.InternalContext::getDependency (5 bytes)
Event: 1.948 Thread 0x0000000018c28000 nmethod 2407 0x0000000003c92210 code [0x0000000003c92360, 0x0000000003c92470]
Event: 1.948 Thread 0x0000000018c28000 2408       1       com.google.inject.internal.ProviderToInternalFactoryAdapter::access$000 (5 bytes)
Event: 1.948 Thread 0x0000000018c28000 nmethod 2408 0x0000000003c924d0 code [0x0000000003c92620, 0x0000000003c92710]
Event: 1.949 Thread 0x0000000018c12800 nmethod 2405 0x0000000003c95490 code [0x0000000003c955e0, 0x0000000003c956d8]
Event: 1.957 Thread 0x0000000018c28000 2409       3       org.codehaus.plexus.classworlds.strategy.SelfFirstStrategy::loadClass (50 bytes)
Event: 1.957 Thread 0x0000000018c28000 nmethod 2409 0x0000000003c94550 code [0x0000000003c94740, 0x0000000003c95118]
Event: 1.957 Thread 0x0000000018c28000 2410   !   3       org.codehaus.plexus.classworlds.realm.ClassRealm::loadClassFromImport (21 bytes)
Event: 1.957 Thread 0x0000000018c28000 nmethod 2410 0x0000000003c93f50 code [0x0000000003c940e0, 0x0000000003c94438]
Event: 1.961 Thread 0x0000000018c28000 2411       1       org.apache.maven.artifact.DefaultArtifact::getType (5 bytes)
Event: 1.961 Thread 0x0000000018c28000 nmethod 2411 0x0000000003c93c90 code [0x0000000003c93de0, 0x0000000003c93ef0]
Event: 1.962 Thread 0x0000000018c28000 2412       3       java.util.HashMap::keySet (25 bytes)
Event: 1.963 Thread 0x0000000018c28000 nmethod 2412 0x0000000003c93610 code [0x0000000003c93780, 0x0000000003c93b10]
Event: 1.964 Thread 0x0000000018c28000 2413   !   3       java.util.zip.Inflater::needsDictionary (19 bytes)
Event: 1.964 Thread 0x0000000018c28000 nmethod 2413 0x0000000003c93110 code [0x0000000003c93260, 0x0000000003c93550]
Event: 1.964 Thread 0x0000000018c28000 2414   !   3       java.util.zip.Inflater::needsInput (27 bytes)
Event: 1.964 Thread 0x0000000018c28000 nmethod 2414 0x0000000003c92b90 code [0x0000000003c92d00, 0x0000000003c93050]
Event: 1.968 Thread 0x0000000018c28000 2415       3       java.lang.ProcessEnvironment$NameComparator::compare (90 bytes)
Event: 1.968 Thread 0x0000000018c16800 2418       4       java.io.WinNTFileSystem::normalize (143 bytes)
Event: 1.969 Thread 0x0000000018c28000 nmethod 2415 0x0000000003c95810 code [0x0000000003c95a40, 0x0000000003c967b8]
Event: 1.969 Thread 0x0000000018c28000 2416       3       java.lang.ProcessEnvironment$CheckedEntry::getKey (5 bytes)
Event: 1.969 Thread 0x0000000018c28000 nmethod 2416 0x0000000003c97090 code [0x0000000003c97200, 0x0000000003c97568]
Event: 1.969 Thread 0x0000000018c28000 2417       3       java.lang.ProcessEnvironment$CheckedEntry::getKey (13 bytes)
Event: 1.969 Thread 0x0000000018c28000 nmethod 2417 0x0000000003c97690 code [0x0000000003c97800, 0x0000000003c97b08]

GC Heap History (6 events):
Event: 0.613 GC heap before
{Heap before GC invocations=1 (full 0):
 PSYoungGen      total 38400K, used 33280K [0x00000000d5900000, 0x00000000d8380000, 0x0000000100000000)
  eden space 33280K, 100% used [0x00000000d5900000,0x00000000d7980000,0x00000000d7980000)
  from space 5120K, 0% used [0x00000000d7e80000,0x00000000d7e80000,0x00000000d8380000)
  to   space 5120K, 0% used [0x00000000d7980000,0x00000000d7980000,0x00000000d7e80000)
 ParOldGen       total 87552K, used 0K [0x0000000080a00000, 0x0000000085f80000, 0x00000000d5900000)
  object space 87552K, 0% used [0x0000000080a00000,0x0000000080a00000,0x0000000085f80000)
 Metaspace       used 8520K, capacity 8776K, committed 9088K, reserved 1056768K
  class space    used 971K, capacity 1052K, committed 1152K, reserved 1048576K
Event: 0.617 GC heap after
Heap after GC invocations=1 (full 0):
 PSYoungGen      total 38400K, used 5096K [0x00000000d5900000, 0x00000000d8380000, 0x0000000100000000)
  eden space 33280K, 0% used [0x00000000d5900000,0x00000000d5900000,0x00000000d7980000)
  from space 5120K, 99% used [0x00000000d7980000,0x00000000d7e7a2d8,0x00000000d7e80000)
  to   space 5120K, 0% used [0x00000000d7e80000,0x00000000d7e80000,0x00000000d8380000)
 ParOldGen       total 87552K, used 16K [0x0000000080a00000, 0x0000000085f80000, 0x00000000d5900000)
  object space 87552K, 0% used [0x0000000080a00000,0x0000000080a04000,0x0000000085f80000)
 Metaspace       used 8520K, capacity 8776K, committed 9088K, reserved 1056768K
  class space    used 971K, capacity 1052K, committed 1152K, reserved 1048576K
}
Event: 1.013 GC heap before
{Heap before GC invocations=2 (full 0):
 PSYoungGen      total 38400K, used 38376K [0x00000000d5900000, 0x00000000d8380000, 0x0000000100000000)
  eden space 33280K, 100% used [0x00000000d5900000,0x00000000d7980000,0x00000000d7980000)
  from space 5120K, 99% used [0x00000000d7980000,0x00000000d7e7a2d8,0x00000000d7e80000)
  to   space 5120K, 0% used [0x00000000d7e80000,0x00000000d7e80000,0x00000000d8380000)
 ParOldGen       total 87552K, used 16K [0x0000000080a00000, 0x0000000085f80000, 0x00000000d5900000)
  object space 87552K, 0% used [0x0000000080a00000,0x0000000080a04000,0x0000000085f80000)
 Metaspace       used 12658K, capacity 12904K, committed 13184K, reserved 1060864K
  class space    used 1512K, capacity 1611K, committed 1664K, reserved 1048576K
Event: 1.020 GC heap after
Heap after GC invocations=2 (full 0):
 PSYoungGen      total 38400K, used 5116K [0x00000000d5900000, 0x00000000da400000, 0x0000000100000000)
  eden space 33280K, 0% used [0x00000000d5900000,0x00000000d5900000,0x00000000d7980000)
  from space 5120K, 99% used [0x00000000d7e80000,0x00000000d837f210,0x00000000d8380000)
  to   space 5120K, 0% used [0x00000000d7980000,0x00000000d7980000,0x00000000d7e80000)
 ParOldGen       total 87552K, used 2800K [0x0000000080a00000, 0x0000000085f80000, 0x00000000d5900000)
  object space 87552K, 3% used [0x0000000080a00000,0x0000000080cbc1a0,0x0000000085f80000)
 Metaspace       used 12658K, capacity 12904K, committed 13184K, reserved 1060864K
  class space    used 1512K, capacity 1611K, committed 1664K, reserved 1048576K
}
Event: 1.699 GC heap before
{Heap before GC invocations=3 (full 0):
 PSYoungGen      total 38400K, used 38396K [0x00000000d5900000, 0x00000000da400000, 0x0000000100000000)
  eden space 33280K, 100% used [0x00000000d5900000,0x00000000d7980000,0x00000000d7980000)
  from space 5120K, 99% used [0x00000000d7e80000,0x00000000d837f210,0x00000000d8380000)
  to   space 5120K, 0% used [0x00000000d7980000,0x00000000d7980000,0x00000000d7e80000)
 ParOldGen       total 87552K, used 2800K [0x0000000080a00000, 0x0000000085f80000, 0x00000000d5900000)
  object space 87552K, 3% used [0x0000000080a00000,0x0000000080cbc1a0,0x0000000085f80000)
 Metaspace       used 15693K, capacity 16036K, committed 16256K, reserved 1062912K
  class space    used 1805K, capacity 1917K, committed 1920K, reserved 1048576K
Event: 1.706 GC heap after
Heap after GC invocations=3 (full 0):
 PSYoungGen      total 38400K, used 5117K [0x00000000d5900000, 0x00000000da400000, 0x0000000100000000)
  eden space 33280K, 0% used [0x00000000d5900000,0x00000000d5900000,0x00000000d7980000)
  from space 5120K, 99% used [0x00000000d7980000,0x00000000d7e7f630,0x00000000d7e80000)
  to   space 5120K, 0% used [0x00000000d9f00000,0x00000000d9f00000,0x00000000da400000)
 ParOldGen       total 87552K, used 4572K [0x0000000080a00000, 0x0000000085f80000, 0x00000000d5900000)
  object space 87552K, 5% used [0x0000000080a00000,0x0000000080e772e0,0x0000000085f80000)
 Metaspace       used 15693K, capacity 16036K, committed 16256K, reserved 1062912K
  class space    used 1805K, capacity 1917K, committed 1920K, reserved 1048576K
}

Deoptimization events (31 events):
Event: 0.476 Thread 0x00000000033f8000 Uncommon trap: reason=range_check action=make_not_entrant pc=0x0000000003711720 method=sun.reflect.generics.parser.SignatureParser.current()C @ 34
Event: 0.484 Thread 0x00000000033f8000 Uncommon trap: reason=unstable_if action=reinterpret pc=0x00000000036749a4 method=org.codehaus.plexus.util.xml.pull.MXParser.more()C @ 8
Event: 0.566 Thread 0x00000000033f8000 Uncommon trap: reason=unstable_if action=reinterpret pc=0x0000000003766890 method=org.codehaus.plexus.util.xml.pull.MXParser.nextImpl()I @ 241
Event: 0.580 Thread 0x00000000033f8000 Uncommon trap: reason=unstable_if action=reinterpret pc=0x00000000037680f4 method=org.codehaus.plexus.util.xml.pull.MXParser.isWhitespace()Z @ 20
Event: 1.009 Thread 0x00000000033f8000 Uncommon trap: reason=unstable_if action=reinterpret pc=0x000000000380e628 method=java.util.concurrent.ConcurrentHashMap.putVal(Ljava/lang/Object;Ljava/lang/Object;Z)Ljava/lang/Object; @ 206
Event: 1.161 Thread 0x00000000033f8000 Uncommon trap: reason=unstable_if action=reinterpret pc=0x00000000037b3f80 method=org.codehaus.plexus.util.xml.pull.MXParser.parseStartTag()I @ 443
Event: 1.247 Thread 0x00000000033f8000 Uncommon trap: reason=unstable_if action=reinterpret pc=0x000000000367eab4 method=java.lang.String.replace(CC)Ljava/lang/String; @ 2
Event: 1.290 Thread 0x00000000033f8000 Uncommon trap: reason=predicate action=maybe_recompile pc=0x00000000038d5c04 method=java.lang.String.regionMatches(ZILjava/lang/String;II)Z @ 63
Event: 1.303 Thread 0x00000000033f8000 Uncommon trap: reason=unstable_if action=reinterpret pc=0x00000000037283bc method=sun.nio.cs.UTF_8$Decoder.decode([BII[C)I @ 30
Event: 1.303 Thread 0x00000000033f8000 Uncommon trap: reason=unstable_if action=reinterpret pc=0x000000000372b3fc method=sun.nio.cs.UTF_8$Decoder.decodeArrayLoop(Ljava/nio/ByteBuffer;Ljava/nio/CharBuffer;)Ljava/nio/charset/CoderResult; @ 84
Event: 1.326 Thread 0x00000000033f8000 Uncommon trap: reason=unstable_if action=reinterpret pc=0x0000000003a18b1c method=org.codehaus.plexus.util.xml.pull.MXParser.nextImpl()I @ 555
Event: 1.357 Thread 0x00000000033f8000 Uncommon trap: reason=unstable_if action=reinterpret pc=0x0000000003767b60 method=java.util.HashMap.hash(Ljava/lang/Object;)I @ 1
Event: 1.357 Thread 0x00000000033f8000 Uncommon trap: reason=unstable_if action=reinterpret pc=0x00000000037b98e8 method=java.util.HashMap.hash(Ljava/lang/Object;)I @ 1
Event: 1.357 Thread 0x00000000033f8000 Uncommon trap: reason=unstable_if action=reinterpret pc=0x000000000380a960 method=java.util.HashMap.hash(Ljava/lang/Object;)I @ 1
Event: 1.392 Thread 0x00000000033f8000 Uncommon trap: reason=class_check action=maybe_recompile pc=0x0000000003751890 method=java.nio.charset.CharsetDecoder.decode(Ljava/nio/ByteBuffer;Ljava/nio/CharBuffer;Z)Ljava/nio/charset/CoderResult; @ 57
Event: 1.392 Thread 0x00000000033f8000 Uncommon trap: reason=class_check action=maybe_recompile pc=0x0000000003751890 method=java.nio.charset.CharsetDecoder.decode(Ljava/nio/ByteBuffer;Ljava/nio/CharBuffer;Z)Ljava/nio/charset/CoderResult; @ 57
Event: 1.394 Thread 0x00000000033f8000 Uncommon trap: reason=class_check action=maybe_recompile pc=0x0000000003751890 method=java.nio.charset.CharsetDecoder.decode(Ljava/nio/ByteBuffer;Ljava/nio/CharBuffer;Z)Ljava/nio/charset/CoderResult; @ 57
Event: 1.394 Thread 0x00000000033f8000 Uncommon trap: reason=class_check action=maybe_recompile pc=0x0000000003751890 method=java.nio.charset.CharsetDecoder.decode(Ljava/nio/ByteBuffer;Ljava/nio/CharBuffer;Z)Ljava/nio/charset/CoderResult; @ 57
Event: 1.421 Thread 0x00000000033f8000 Uncommon trap: reason=unstable_if action=reinterpret pc=0x0000000003a5a31c method=java.lang.String.regionMatches(ZILjava/lang/String;II)Z @ 25
Event: 1.430 Thread 0x00000000033f8000 Uncommon trap: reason=unstable_if action=reinterpret pc=0x000000000370c704 method=java.util.HashMap.getNode(ILjava/lang/Object;)Ljava/util/HashMap$Node; @ 53
Event: 1.493 Thread 0x00000000033f8000 Uncommon trap: reason=null_check action=make_not_entrant pc=0x0000000003ac1d30 method=org.apache.maven.model.io.xpp3.MavenXpp3Reader.checkFieldWithDuplicate(Lorg/codehaus/plexus/util/xml/pull/XmlPullParser;Ljava/lang/String;Ljava/lang/String;Ljava/util/Se
Event: 1.506 Thread 0x00000000033f8000 Uncommon trap: reason=unstable_if action=reinterpret pc=0x0000000003a8833c method=org.codehaus.plexus.util.xml.pull.MXParser.nextImpl()I @ 310
Event: 1.730 Thread 0x00000000033f8000 Uncommon trap: reason=unstable_if action=reinterpret pc=0x0000000003b5716c method=org.codehaus.plexus.util.xml.pull.MXParser.nextImpl()I @ 972
Event: 1.739 Thread 0x00000000033f8000 Uncommon trap: reason=bimorphic action=maybe_recompile pc=0x0000000003a19f14 method=java.util.concurrent.ConcurrentHashMap.get(Ljava/lang/Object;)Ljava/lang/Object; @ 149
Event: 1.747 Thread 0x00000000033f8000 Uncommon trap: reason=bimorphic action=maybe_recompile pc=0x0000000003a19f14 method=java.util.concurrent.ConcurrentHashMap.get(Ljava/lang/Object;)Ljava/lang/Object; @ 149
Event: 1.790 Thread 0x00000000033f8000 Uncommon trap: reason=speculate_class_check action=maybe_recompile pc=0x0000000003b618a8 method=java.nio.charset.CharsetDecoder.decode(Ljava/nio/ByteBuffer;Ljava/nio/CharBuffer;Z)Ljava/nio/charset/CoderResult; @ 57
Event: 1.790 Thread 0x00000000033f8000 Uncommon trap: reason=speculate_class_check action=maybe_recompile pc=0x0000000003b618a8 method=java.nio.charset.CharsetDecoder.decode(Ljava/nio/ByteBuffer;Ljava/nio/CharBuffer;Z)Ljava/nio/charset/CoderResult; @ 57
Event: 1.791 Thread 0x00000000033f8000 Uncommon trap: reason=speculate_class_check action=maybe_recompile pc=0x0000000003b618a8 method=java.nio.charset.CharsetDecoder.decode(Ljava/nio/ByteBuffer;Ljava/nio/CharBuffer;Z)Ljava/nio/charset/CoderResult; @ 57
Event: 1.791 Thread 0x00000000033f8000 Uncommon trap: reason=speculate_class_check action=maybe_recompile pc=0x0000000003b618a8 method=java.nio.charset.CharsetDecoder.decode(Ljava/nio/ByteBuffer;Ljava/nio/CharBuffer;Z)Ljava/nio/charset/CoderResult; @ 57
Event: 1.938 Thread 0x00000000033f8000 Uncommon trap: reason=bimorphic action=maybe_recompile pc=0x0000000003ac6950 method=java.util.regex.Pattern$CharProperty.match(Ljava/util/regex/Matcher;ILjava/lang/CharSequence;)Z @ 37
Event: 1.961 Thread 0x00000000033f8000 Uncommon trap: reason=unstable_if action=reinterpret pc=0x0000000003c16548 method=java.util.StringTokenizer.scanToken(I)I @ 96

Classes redefined (0 events):
No events

Internal exceptions (43 events):
Event: 0.027 Thread 0x00000000033f8000 Exception <a 'java/lang/NoSuchMethodError': Method sun.misc.Unsafe.defineClass(Ljava/lang/String;[BII)Ljava/lang/Class; name or signature does not match> (0x00000000d5907cb8) thrown at [D:\a\1\s\lookaside\java-1.8.0-openjdk\hotspot\src\share\vm\prims\jni.
Event: 0.027 Thread 0x00000000033f8000 Exception <a 'java/lang/NoSuchMethodError': Method sun.misc.Unsafe.prefetchRead(Ljava/lang/Object;J)V name or signature does not match> (0x00000000d5907fa0) thrown at [D:\a\1\s\lookaside\java-1.8.0-openjdk\hotspot\src\share\vm\prims\jni.cpp, line 4014]
Event: 0.182 Thread 0x00000000033f8000 Exception <a 'java/security/PrivilegedActionException'> (0x00000000d5cc8068) thrown at [D:\a\1\s\lookaside\java-1.8.0-openjdk\hotspot\src\share\vm\prims\jvm.cpp, line 1501]
Event: 0.182 Thread 0x00000000033f8000 Exception <a 'java/security/PrivilegedActionException'> (0x00000000d5cc8460) thrown at [D:\a\1\s\lookaside\java-1.8.0-openjdk\hotspot\src\share\vm\prims\jvm.cpp, line 1501]
Event: 0.183 Thread 0x00000000033f8000 Exception <a 'java/security/PrivilegedActionException'> (0x00000000d5ccc780) thrown at [D:\a\1\s\lookaside\java-1.8.0-openjdk\hotspot\src\share\vm\prims\jvm.cpp, line 1501]
Event: 0.183 Thread 0x00000000033f8000 Exception <a 'java/security/PrivilegedActionException'> (0x00000000d5cccb78) thrown at [D:\a\1\s\lookaside\java-1.8.0-openjdk\hotspot\src\share\vm\prims\jvm.cpp, line 1501]
Event: 0.183 Thread 0x00000000033f8000 Exception <a 'java/security/PrivilegedActionException'> (0x00000000d5cce420) thrown at [D:\a\1\s\lookaside\java-1.8.0-openjdk\hotspot\src\share\vm\prims\jvm.cpp, line 1501]
Event: 0.183 Thread 0x00000000033f8000 Exception <a 'java/security/PrivilegedActionException'> (0x00000000d5cce818) thrown at [D:\a\1\s\lookaside\java-1.8.0-openjdk\hotspot\src\share\vm\prims\jvm.cpp, line 1501]
Event: 0.462 Thread 0x00000000033f8000 Exception <a 'java/lang/ArrayIndexOutOfBoundsException'> (0x00000000d69feea8) thrown at [D:\a\1\s\lookaside\java-1.8.0-openjdk\hotspot\src\share\vm\runtime\sharedRuntime.cpp, line 615]
Event: 0.463 Thread 0x00000000033f8000 Exception <a 'java/lang/ArrayIndexOutOfBoundsException'> (0x00000000d6a08af0) thrown at [D:\a\1\s\lookaside\java-1.8.0-openjdk\hotspot\src\share\vm\runtime\sharedRuntime.cpp, line 615]
Event: 0.471 Thread 0x00000000033f8000 Exception <a 'java/lang/ArrayIndexOutOfBoundsException'> (0x00000000d6a612c8) thrown at [D:\a\1\s\lookaside\java-1.8.0-openjdk\hotspot\src\share\vm\runtime\sharedRuntime.cpp, line 615]
Event: 0.472 Thread 0x00000000033f8000 Exception <a 'java/lang/ArrayIndexOutOfBoundsException'> (0x00000000d6a6d9c0) thrown at [D:\a\1\s\lookaside\java-1.8.0-openjdk\hotspot\src\share\vm\runtime\sharedRuntime.cpp, line 615]
Event: 0.473 Thread 0x00000000033f8000 Exception <a 'java/lang/ArrayIndexOutOfBoundsException'> (0x00000000d6a6e9d8) thrown at [D:\a\1\s\lookaside\java-1.8.0-openjdk\hotspot\src\share\vm\runtime\sharedRuntime.cpp, line 615]
Event: 0.474 Thread 0x00000000033f8000 Exception <a 'java/lang/ArrayIndexOutOfBoundsException'> (0x00000000d6a77700) thrown at [D:\a\1\s\lookaside\java-1.8.0-openjdk\hotspot\src\share\vm\runtime\sharedRuntime.cpp, line 615]
Event: 0.474 Thread 0x00000000033f8000 Exception <a 'java/lang/ArrayIndexOutOfBoundsException'> (0x00000000d6a784d8) thrown at [D:\a\1\s\lookaside\java-1.8.0-openjdk\hotspot\src\share\vm\runtime\sharedRuntime.cpp, line 615]
Event: 0.474 Thread 0x00000000033f8000 Exception <a 'java/lang/ArrayIndexOutOfBoundsException'> (0x00000000d6a79b78) thrown at [D:\a\1\s\lookaside\java-1.8.0-openjdk\hotspot\src\share\vm\runtime\sharedRuntime.cpp, line 615]
Event: 0.474 Thread 0x00000000033f8000 Exception <a 'java/lang/ArrayIndexOutOfBoundsException'> (0x00000000d6a7b890) thrown at [D:\a\1\s\lookaside\java-1.8.0-openjdk\hotspot\src\share\vm\runtime\sharedRuntime.cpp, line 615]
Event: 0.474 Thread 0x00000000033f8000 Exception <a 'java/lang/ArrayIndexOutOfBoundsException'> (0x00000000d6a7c680) thrown at [D:\a\1\s\lookaside\java-1.8.0-openjdk\hotspot\src\share\vm\runtime\sharedRuntime.cpp, line 615]
Event: 0.475 Thread 0x00000000033f8000 Exception <a 'java/lang/ArrayIndexOutOfBoundsException'> (0x00000000d6a83fe0) thrown at [D:\a\1\s\lookaside\java-1.8.0-openjdk\hotspot\src\share\vm\runtime\sharedRuntime.cpp, line 615]
Event: 0.475 Thread 0x00000000033f8000 Exception <a 'java/lang/ArrayIndexOutOfBoundsException'> (0x00000000d6a85638) thrown at [D:\a\1\s\lookaside\java-1.8.0-openjdk\hotspot\src\share\vm\runtime\sharedRuntime.cpp, line 615]
Event: 0.475 Thread 0x00000000033f8000 Exception <a 'java/lang/ArrayIndexOutOfBoundsException'> (0x00000000d6a87080) thrown at [D:\a\1\s\lookaside\java-1.8.0-openjdk\hotspot\src\share\vm\runtime\sharedRuntime.cpp, line 615]
Event: 0.475 Thread 0x00000000033f8000 Exception <a 'java/lang/ArrayIndexOutOfBoundsException'> (0x00000000d6a88b70) thrown at [D:\a\1\s\lookaside\java-1.8.0-openjdk\hotspot\src\share\vm\runtime\sharedRuntime.cpp, line 615]
Event: 0.475 Thread 0x00000000033f8000 Exception <a 'java/lang/ArrayIndexOutOfBoundsException'> (0x00000000d6a89910) thrown at [D:\a\1\s\lookaside\java-1.8.0-openjdk\hotspot\src\share\vm\runtime\sharedRuntime.cpp, line 615]
Event: 0.476 Thread 0x00000000033f8000 Exception <a 'java/lang/ArrayIndexOutOfBoundsException'> (0x00000000d6a8b480) thrown at [D:\a\1\s\lookaside\java-1.8.0-openjdk\hotspot\src\share\vm\runtime\sharedRuntime.cpp, line 615]
Event: 0.476 Thread 0x00000000033f8000 Exception <a 'java/lang/ArrayIndexOutOfBoundsException'> (0x00000000d6a8d128) thrown at [D:\a\1\s\lookaside\java-1.8.0-openjdk\hotspot\src\share\vm\runtime\sharedRuntime.cpp, line 615]
Event: 0.476 Thread 0x00000000033f8000 Exception <a 'java/lang/ArrayIndexOutOfBoundsException'> (0x00000000d6a8de20) thrown at [D:\a\1\s\lookaside\java-1.8.0-openjdk\hotspot\src\share\vm\runtime\sharedRuntime.cpp, line 615]
Event: 0.476 Thread 0x00000000033f8000 Exception <a 'java/lang/ArrayIndexOutOfBoundsException'> (0x00000000d6a8ec90) thrown at [D:\a\1\s\lookaside\java-1.8.0-openjdk\hotspot\src\share\vm\runtime\sharedRuntime.cpp, line 615]
Event: 0.476 Thread 0x00000000033f8000 Exception <a 'java/lang/ArrayIndexOutOfBoundsException'> (0x00000000d6a90a80) thrown at [D:\a\1\s\lookaside\java-1.8.0-openjdk\hotspot\src\share\vm\runtime\sharedRuntime.cpp, line 615]
Event: 0.476 Thread 0x00000000033f8000 Exception <a 'java/lang/ArrayIndexOutOfBoundsException'> (0x00000000d6a91fd8) thrown at [D:\a\1\s\lookaside\java-1.8.0-openjdk\hotspot\src\share\vm\runtime\sharedRuntime.cpp, line 615]
Event: 0.476 Thread 0x00000000033f8000 Exception <a 'java/lang/ArrayIndexOutOfBoundsException': 111> (0x00000000d6a938a0) thrown at [D:\a\1\s\lookaside\java-1.8.0-openjdk\hotspot\src\share\vm\interpreter\interpreterRuntime.cpp, line 371]
Event: 1.031 Thread 0x00000000033f8000 Exception <a 'java/lang/NoClassDefFoundError': com/google/inject/servlet/ServletModuleTargetVisitor> (0x00000000d59e9000) thrown at [D:\a\1\s\lookaside\java-1.8.0-openjdk\hotspot\src\share\vm\classfile\systemDictionary.cpp, line 199]
Event: 1.031 Thread 0x00000000033f8000 Exception <a 'java/lang/NoClassDefFoundError'> (0x00000000d59e9000) thrown at [D:\a\1\s\lookaside\java-1.8.0-openjdk\hotspot\src\share\vm\prims\jvm.cpp, line 1505]
Event: 1.031 Thread 0x00000000033f8000 Exception <a 'java/lang/NoClassDefFoundError': javax/annotation/Priority> (0x00000000d59ed9a0) thrown at [D:\a\1\s\lookaside\java-1.8.0-openjdk\hotspot\src\share\vm\classfile\systemDictionary.cpp, line 199]
Event: 1.198 Thread 0x00000000033f8000 Exception <a 'java/lang/NullPointerException'> (0x00000000d6269e00) thrown at [D:\a\1\s\lookaside\java-1.8.0-openjdk\hotspot\src\share\vm\interpreter\linkResolver.cpp, line 1185]
Event: 1.198 Thread 0x00000000033f8000 Exception <a 'java/lang/NullPointerException'> (0x00000000d626a018) thrown at [D:\a\1\s\lookaside\java-1.8.0-openjdk\hotspot\src\share\vm\interpreter\linkResolver.cpp, line 1185]
Event: 1.198 Thread 0x00000000033f8000 Exception <a 'java/lang/NullPointerException'> (0x00000000d626a230) thrown at [D:\a\1\s\lookaside\java-1.8.0-openjdk\hotspot\src\share\vm\interpreter\linkResolver.cpp, line 1185]
Event: 1.199 Thread 0x00000000033f8000 Exception <a 'java/lang/NullPointerException'> (0x00000000d627a640) thrown at [D:\a\1\s\lookaside\java-1.8.0-openjdk\hotspot\src\share\vm\interpreter\linkResolver.cpp, line 1185]
Event: 1.199 Thread 0x00000000033f8000 Exception <a 'java/lang/NullPointerException'> (0x00000000d627a858) thrown at [D:\a\1\s\lookaside\java-1.8.0-openjdk\hotspot\src\share\vm\interpreter\linkResolver.cpp, line 1185]
Event: 1.199 Thread 0x00000000033f8000 Exception <a 'java/lang/NullPointerException'> (0x00000000d627aa70) thrown at [D:\a\1\s\lookaside\java-1.8.0-openjdk\hotspot\src\share\vm\interpreter\linkResolver.cpp, line 1185]
Event: 1.357 Thread 0x00000000033f8000 Implicit null exception at 0x0000000003767955 to 0x0000000003767b51
Event: 1.357 Thread 0x00000000033f8000 Implicit null exception at 0x00000000037b986f to 0x00000000037b98d9
Event: 1.357 Thread 0x00000000033f8000 Implicit null exception at 0x000000000380a37b to 0x000000000380a945
Event: 1.493 Thread 0x00000000033f8000 Implicit null exception at 0x0000000003ac0b5d to 0x0000000003ac1d15

Events (250 events):
Event: 1.932 loading class org/sonatype/plexus/components/sec/dispatcher/model/SettingsSecurity done
Event: 1.933 loading class org/codehaus/plexus/components/interactivity/DefaultInputHandler
Event: 1.933 loading class org/codehaus/plexus/components/interactivity/DefaultInputHandler done
Event: 1.933 loading class org/codehaus/plexus/components/interactivity/DefaultInputHandler
Event: 1.933 loading class org/codehaus/plexus/components/interactivity/DefaultInputHandler done
Event: 1.933 loading class org/codehaus/plexus/personality/plexus/lifecycle/phase/Initializable
Event: 1.933 loading class org/codehaus/plexus/personality/plexus/lifecycle/phase/Initializable done
Event: 1.933 loading class org/codehaus/plexus/personality/plexus/lifecycle/phase/Initializable
Event: 1.933 loading class org/codehaus/plexus/personality/plexus/lifecycle/phase/Initializable done
Event: 1.933 loading class org/codehaus/plexus/personality/plexus/lifecycle/phase/Initializable
Event: 1.933 loading class org/codehaus/plexus/personality/plexus/lifecycle/phase/Initializable done
Event: 1.933 loading class org/codehaus/plexus/personality/plexus/lifecycle/phase/Disposable
Event: 1.933 loading class org/codehaus/plexus/personality/plexus/lifecycle/phase/Disposable done
Event: 1.933 loading class org/codehaus/plexus/personality/plexus/lifecycle/phase/Disposable
Event: 1.933 loading class org/codehaus/plexus/personality/plexus/lifecycle/phase/Disposable done
Event: 1.933 loading class org/codehaus/plexus/personality/plexus/lifecycle/phase/Disposable
Event: 1.933 loading class org/codehaus/plexus/personality/plexus/lifecycle/phase/Disposable done
Event: 1.933 loading class org/codehaus/plexus/components/interactivity/AbstractInputHandler
Event: 1.933 loading class org/codehaus/plexus/components/interactivity/AbstractInputHandler done
Event: 1.933 loading class org/codehaus/plexus/components/interactivity/AbstractInputHandler
Event: 1.933 loading class org/codehaus/plexus/components/interactivity/AbstractInputHandler done
Event: 1.935 loading class org/codehaus/plexus/personality/plexus/lifecycle/phase/InitializationException
Event: 1.935 loading class org/codehaus/plexus/personality/plexus/lifecycle/phase/InitializationException done
Event: 1.935 loading class org/codehaus/plexus/personality/plexus/lifecycle/phase/InitializationException
Event: 1.935 loading class org/codehaus/plexus/personality/plexus/lifecycle/phase/InitializationException done
Event: 1.935 loading class org/codehaus/plexus/personality/plexus/lifecycle/phase/InitializationException
Event: 1.935 loading class org/codehaus/plexus/personality/plexus/lifecycle/phase/InitializationException done
Event: 1.936 loading class org/codehaus/plexus/components/interactivity/DefaultOutputHandler
Event: 1.936 loading class org/codehaus/plexus/components/interactivity/DefaultOutputHandler done
Event: 1.936 loading class org/codehaus/plexus/components/interactivity/DefaultOutputHandler
Event: 1.936 loading class org/codehaus/plexus/components/interactivity/DefaultOutputHandler done
Event: 1.938 Thread 0x00000000033f8000 Uncommon trap: trap_request=0xffffffc6 fr.pc=0x0000000003ac6950
Event: 1.938 Thread 0x00000000033f8000 DEOPT PACKING pc=0x0000000003ac6950 sp=0x00000000033acd60
Event: 1.938 Thread 0x00000000033f8000 DEOPT UNPACKING pc=0x00000000034f807b sp=0x00000000033accf8 mode 2
Event: 1.938 loading class com/google/inject/internal/Errors$1
Event: 1.938 loading class com/google/inject/internal/Errors$1 done
Event: 1.938 loading class com/google/common/collect/Ordering
Event: 1.938 loading class com/google/common/collect/Ordering done
Event: 1.939 loading class com/google/common/collect/ComparatorOrdering
Event: 1.939 loading class com/google/common/collect/ComparatorOrdering done
Event: 1.939 loading class com/google/common/collect/ReverseOrdering
Event: 1.939 loading class com/google/common/collect/ReverseOrdering done
Event: 1.940 loading class com/google/common/collect/NullsFirstOrdering
Event: 1.940 loading class com/google/common/collect/NullsFirstOrdering done
Event: 1.940 loading class com/google/common/collect/NullsLastOrdering
Event: 1.940 loading class com/google/common/collect/NullsLastOrdering done
Event: 1.940 loading class com/google/common/collect/AllEqualOrdering
Event: 1.940 loading class com/google/common/collect/AllEqualOrdering done
Event: 1.940 loading class com/google/common/collect/UsingToStringOrdering
Event: 1.940 loading class com/google/common/collect/UsingToStringOrdering done
Event: 1.941 loading class com/google/common/collect/LexicographicalOrdering
Event: 1.941 loading class com/google/common/collect/LexicographicalOrdering done
Event: 1.941 loading class com/google/common/collect/CompoundOrdering
Event: 1.941 loading class com/google/common/collect/CompoundOrdering done
Event: 1.941 loading class com/google/common/collect/ExplicitOrdering
Event: 1.941 loading class com/google/common/collect/ExplicitOrdering done
Event: 1.941 loading class com/google/common/collect/ByFunctionOrdering
Event: 1.941 loading class com/google/common/collect/ByFunctionOrdering done
Event: 1.942 loading class com/google/common/collect/NaturalOrdering
Event: 1.942 loading class com/google/common/collect/NaturalOrdering done
Event: 1.946 loading class org/apache/maven/monitor/logging/DefaultLog
Event: 1.946 loading class org/apache/maven/monitor/logging/DefaultLog done
Event: 1.947 loading class org/apache/maven/plugin/PluginParameterExpressionEvaluator
Event: 1.947 loading class org/apache/maven/plugin/PluginParameterExpressionEvaluator done
Event: 1.947 loading class org/codehaus/plexus/component/configurator/expression/TypeAwareExpressionEvaluator
Event: 1.947 loading class org/codehaus/plexus/component/configurator/expression/TypeAwareExpressionEvaluator done
Event: 1.948 loading class org/codehaus/plexus/component/configurator/MapOrientedComponentConfigurator
Event: 1.948 loading class org/codehaus/plexus/component/configurator/MapOrientedComponentConfigurator done
Event: 1.948 loading class org/codehaus/plexus/component/configurator/MapOrientedComponentConfigurator
Event: 1.948 loading class org/codehaus/plexus/component/configurator/MapOrientedComponentConfigurator done
Event: 1.948 loading class org/codehaus/plexus/component/configurator/BasicComponentConfigurator
Event: 1.948 loading class org/codehaus/plexus/component/configurator/BasicComponentConfigurator done
Event: 1.948 loading class org/codehaus/plexus/component/configurator/BasicComponentConfigurator
Event: 1.948 loading class org/codehaus/plexus/component/configurator/BasicComponentConfigurator done
Event: 1.948 loading class org/codehaus/plexus/component/configurator/BasicComponentConfigurator
Event: 1.948 loading class org/codehaus/plexus/component/configurator/BasicComponentConfigurator done
Event: 1.948 loading class org/codehaus/plexus/component/configurator/expression/DefaultExpressionEvaluator
Event: 1.948 loading class org/codehaus/plexus/component/configurator/expression/DefaultExpressionEvaluator done
Event: 1.948 loading class org/codehaus/plexus/component/configurator/converters/lookup/DefaultConverterLookup
Event: 1.948 loading class org/codehaus/plexus/component/configurator/converters/lookup/DefaultConverterLookup done
Event: 1.949 loading class org/codehaus/plexus/component/configurator/converters/ConfigurationConverter
Event: 1.949 loading class org/codehaus/plexus/component/configurator/converters/ConfigurationConverter done
Event: 1.949 loading class org/codehaus/plexus/component/configurator/converters/basic/FileConverter
Event: 1.949 loading class org/codehaus/plexus/component/configurator/converters/basic/FileConverter done
Event: 1.949 loading class org/codehaus/plexus/component/configurator/converters/basic/AbstractBasicConverter
Event: 1.949 loading class org/codehaus/plexus/component/configurator/converters/basic/AbstractBasicConverter done
Event: 1.949 loading class org/codehaus/plexus/component/configurator/converters/AbstractConfigurationConverter
Event: 1.949 loading class org/codehaus/plexus/component/configurator/converters/AbstractConfigurationConverter done
Event: 1.950 loading class org/codehaus/plexus/component/configurator/converters/basic/BooleanConverter
Event: 1.950 loading class org/codehaus/plexus/component/configurator/converters/basic/BooleanConverter done
Event: 1.950 loading class org/codehaus/plexus/component/configurator/converters/basic/StringConverter
Event: 1.950 loading class org/codehaus/plexus/component/configurator/converters/basic/StringConverter done
Event: 1.950 loading class org/codehaus/plexus/component/configurator/converters/basic/IntConverter
Event: 1.950 loading class org/codehaus/plexus/component/configurator/converters/basic/IntConverter done
Event: 1.951 loading class org/codehaus/plexus/component/configurator/converters/composite/CollectionConverter
Event: 1.951 loading class org/codehaus/plexus/component/configurator/converters/composite/CollectionConverter done
Event: 1.951 loading class org/codehaus/plexus/component/configurator/converters/ParameterizedConfigurationConverter
Event: 1.951 loading class org/codehaus/plexus/component/configurator/converters/ParameterizedConfigurationConverter done
Event: 1.951 loading class org/codehaus/plexus/component/configurator/converters/composite/AbstractCollectionConverter
Event: 1.951 loading class org/codehaus/plexus/component/configurator/converters/composite/AbstractCollectionConverter done
Event: 1.951 loading class org/codehaus/plexus/component/configurator/converters/composite/ArrayConverter
Event: 1.951 loading class org/codehaus/plexus/component/configurator/converters/composite/ArrayConverter done
Event: 1.952 loading class org/codehaus/plexus/component/configurator/converters/composite/MapConverter
Event: 1.952 loading class org/codehaus/plexus/component/configurator/converters/composite/MapConverter done
Event: 1.952 loading class org/codehaus/plexus/component/configurator/converters/composite/PropertiesConverter
Event: 1.952 loading class org/codehaus/plexus/component/configurator/converters/composite/PropertiesConverter done
Event: 1.953 loading class org/codehaus/plexus/component/configurator/converters/basic/UrlConverter
Event: 1.953 loading class org/codehaus/plexus/component/configurator/converters/basic/UrlConverter done
Event: 1.953 loading class org/codehaus/plexus/component/configurator/converters/basic/UriConverter
Event: 1.953 loading class org/codehaus/plexus/component/configurator/converters/basic/UriConverter done
Event: 1.953 loading class java/net/URISyntaxException
Event: 1.953 loading class java/net/URISyntaxException done
Event: 1.953 loading class org/codehaus/plexus/component/configurator/converters/basic/DateConverter
Event: 1.953 loading class org/codehaus/plexus/component/configurator/converters/basic/DateConverter done
Event: 1.953 loading class org/codehaus/plexus/component/configurator/converters/basic/EnumConverter
Event: 1.953 loading class org/codehaus/plexus/component/configurator/converters/basic/EnumConverter done
Event: 1.954 loading class org/codehaus/plexus/component/configurator/converters/basic/LongConverter
Event: 1.954 loading class org/codehaus/plexus/component/configurator/converters/basic/LongConverter done
Event: 1.954 loading class org/codehaus/plexus/component/configurator/converters/basic/FloatConverter
Event: 1.954 loading class org/codehaus/plexus/component/configurator/converters/basic/FloatConverter done
Event: 1.954 loading class org/codehaus/plexus/component/configurator/converters/basic/DoubleConverter
Event: 1.954 loading class org/codehaus/plexus/component/configurator/converters/basic/DoubleConverter done
Event: 1.954 loading class org/codehaus/plexus/component/configurator/converters/basic/CharConverter
Event: 1.954 loading class org/codehaus/plexus/component/configurator/converters/basic/CharConverter done
Event: 1.954 loading class org/codehaus/plexus/component/configurator/converters/basic/ByteConverter
Event: 1.954 loading class org/codehaus/plexus/component/configurator/converters/basic/ByteConverter done
Event: 1.955 loading class org/codehaus/plexus/component/configurator/converters/basic/ShortConverter
Event: 1.955 loading class org/codehaus/plexus/component/configurator/converters/basic/ShortConverter done
Event: 1.955 loading class org/codehaus/plexus/component/configurator/converters/composite/PlexusConfigurationConverter
Event: 1.955 loading class org/codehaus/plexus/component/configurator/converters/composite/PlexusConfigurationConverter done
Event: 1.955 loading class org/codehaus/plexus/component/configurator/converters/special/ClassRealmConverter
Event: 1.955 loading class org/codehaus/plexus/component/configurator/converters/special/ClassRealmConverter done
Event: 1.955 loading class org/codehaus/classworlds/ClassRealmReverseAdapter
Event: 1.955 loading class org/codehaus/classworlds/ClassRealmReverseAdapter done
Event: 1.956 Executing VM operation: Deoptimize
Event: 1.956 Executing VM operation: Deoptimize done
Event: 1.956 Thread 0x00000000033f8000 DEOPT PACKING pc=0x00000000036cb7f4 sp=0x00000000033a9d90
Event: 1.956 Thread 0x00000000033f8000 DEOPT UNPACKING pc=0x00000000034fa0d0 sp=0x00000000033a9a28 mode 0
Event: 1.956 loading class org/codehaus/plexus/component/configurator/converters/basic/StringBufferConverter
Event: 1.956 loading class org/codehaus/plexus/component/configurator/converters/basic/StringBufferConverter done
Event: 1.956 loading class org/codehaus/plexus/component/configurator/converters/basic/StringBuilderConverter
Event: 1.956 loading class org/codehaus/plexus/component/configurator/converters/basic/StringBuilderConverter done
Event: 1.956 loading class org/codehaus/plexus/component/configurator/converters/composite/ObjectWithFieldsConverter
Event: 1.956 loading class org/codehaus/plexus/component/configurator/converters/composite/ObjectWithFieldsConverter done
Event: 1.957 loading class org/apache/maven/plugin/DebugConfigurationListener
Event: 1.957 loading class org/apache/maven/plugin/DebugConfigurationListener done
Event: 1.957 loading class org/apache/maven/plugin/internal/ValidatingConfigurationListener
Event: 1.957 loading class org/apache/maven/plugin/internal/ValidatingConfigurationListener done
Event: 1.958 loading class org/eclipse/sisu/plexus/CompositeBeanHelper
Event: 1.958 loading class org/eclipse/sisu/plexus/CompositeBeanHelper done
Event: 1.958 loading class org/eclipse/sisu/plexus/CompositeBeanHelper$1
Event: 1.958 loading class org/eclipse/sisu/plexus/CompositeBeanHelper$1 done
Event: 1.959 loading class sun/reflect/UnsafeBooleanFieldAccessorImpl
Event: 1.959 loading class sun/reflect/UnsafeBooleanFieldAccessorImpl done
Event: 1.960 loading class org/codehaus/plexus/util/cli/CommandLineUtils
Event: 1.960 loading class org/codehaus/plexus/util/cli/CommandLineUtils done
Event: 1.960 loading class org/codehaus/plexus/util/cli/CommandLineUtils
Event: 1.960 loading class org/codehaus/plexus/util/cli/CommandLineUtils done
Event: 1.960 loading class org/codehaus/plexus/util/cli/CommandLineUtils$ProcessHook
Event: 1.960 loading class org/codehaus/plexus/util/cli/CommandLineUtils$ProcessHook done
Event: 1.960 loading class org/codehaus/plexus/util/cli/CommandLineUtils$ProcessHook
Event: 1.960 loading class org/codehaus/plexus/util/cli/CommandLineUtils$ProcessHook done
Event: 1.961 loading class org/codehaus/plexus/util/cli/CommandLineCallable
Event: 1.961 loading class org/codehaus/plexus/util/cli/CommandLineCallable done
Event: 1.961 loading class org/codehaus/plexus/util/cli/CommandLineCallable
Event: 1.961 loading class org/codehaus/plexus/util/cli/CommandLineCallable done
Event: 1.961 Thread 0x00000000033f8000 Uncommon trap: trap_request=0xffffff65 fr.pc=0x0000000003c16548
Event: 1.961 Thread 0x00000000033f8000 DEOPT PACKING pc=0x0000000003c16548 sp=0x00000000033adf70
Event: 1.961 Thread 0x00000000033f8000 DEOPT UNPACKING pc=0x00000000034f807b sp=0x00000000033adf08 mode 2
Event: 1.961 loading class org/apache/maven/model/Build
Event: 1.961 loading class org/apache/maven/model/Build done
Event: 1.961 loading class org/apache/maven/model/Build
Event: 1.961 loading class org/apache/maven/model/Build done
Event: 1.961 loading class org/apache/maven/model/Build
Event: 1.961 loading class org/apache/maven/model/Build done
Event: 1.961 loading class org/apache/maven/plugin/logging/Log
Event: 1.961 loading class org/apache/maven/plugin/logging/Log done
Event: 1.961 loading class org/apache/maven/plugin/logging/Log
Event: 1.961 loading class org/apache/maven/plugin/logging/Log done
Event: 1.961 loading class org/apache/maven/plugin/logging/Log
Event: 1.961 loading class org/apache/maven/plugin/logging/Log done
Event: 1.962 loading class org/codehaus/plexus/util/Os
Event: 1.962 loading class org/codehaus/plexus/util/Os done
Event: 1.962 loading class org/codehaus/plexus/util/Os
Event: 1.962 loading class org/codehaus/plexus/util/Os done
Event: 1.963 loading class org/apache/commons/exec/OS
Event: 1.963 loading class org/apache/commons/exec/OS done
Event: 1.963 loading class org/apache/commons/exec/OS
Event: 1.963 loading class org/apache/commons/exec/OS done
Event: 1.963 loading class org/apache/commons/exec/util/StringUtils
Event: 1.963 loading class org/apache/commons/exec/util/StringUtils done
Event: 1.964 loading class org/apache/commons/exec/util/StringUtils
Event: 1.964 loading class org/apache/commons/exec/util/StringUtils done
Event: 1.964 loading class org/apache/commons/exec/CommandLine$Argument
Event: 1.964 loading class org/apache/commons/exec/CommandLine$Argument done
Event: 1.964 loading class org/apache/commons/exec/CommandLine$Argument
Event: 1.964 loading class org/apache/commons/exec/CommandLine$Argument done
Event: 1.964 loading class org/apache/commons/exec/DefaultExecutor
Event: 1.964 loading class org/apache/commons/exec/DefaultExecutor done
Event: 1.964 loading class org/apache/commons/exec/DefaultExecutor
Event: 1.964 loading class org/apache/commons/exec/DefaultExecutor done
Event: 1.965 loading class org/apache/commons/exec/launcher/CommandLauncherFactory
Event: 1.965 loading class org/apache/commons/exec/launcher/CommandLauncherFactory done
Event: 1.965 loading class org/apache/commons/exec/launcher/CommandLauncherFactory
Event: 1.965 loading class org/apache/commons/exec/launcher/CommandLauncherFactory done
Event: 1.965 loading class org/apache/commons/exec/launcher/VmsCommandLauncher
Event: 1.965 loading class org/apache/commons/exec/launcher/VmsCommandLauncher done
Event: 1.965 loading class org/apache/commons/exec/launcher/VmsCommandLauncher
Event: 1.965 loading class org/apache/commons/exec/launcher/VmsCommandLauncher done
Event: 1.966 loading class org/apache/commons/exec/launcher/Java13CommandLauncher
Event: 1.966 loading class org/apache/commons/exec/launcher/Java13CommandLauncher done
Event: 1.966 loading class org/apache/commons/exec/launcher/Java13CommandLauncher
Event: 1.966 loading class org/apache/commons/exec/launcher/Java13CommandLauncher done
Event: 1.966 loading class org/apache/commons/exec/launcher/CommandLauncherImpl
Event: 1.966 loading class org/apache/commons/exec/launcher/CommandLauncherImpl done
Event: 1.966 loading class org/apache/commons/exec/launcher/CommandLauncherImpl
Event: 1.966 loading class org/apache/commons/exec/launcher/CommandLauncherImpl done
Event: 1.966 loading class org/apache/commons/exec/launcher/CommandLauncher
Event: 1.966 loading class org/apache/commons/exec/launcher/CommandLauncher done
Event: 1.966 loading class org/apache/commons/exec/launcher/CommandLauncher
Event: 1.966 loading class org/apache/commons/exec/launcher/CommandLauncher done
Event: 1.967 loading class org/apache/commons/exec/environment/EnvironmentUtils
Event: 1.967 loading class org/apache/commons/exec/environment/EnvironmentUtils done
Event: 1.967 loading class org/apache/commons/exec/environment/EnvironmentUtils
Event: 1.967 loading class org/apache/commons/exec/environment/EnvironmentUtils done
Event: 1.967 loading class org/apache/commons/exec/environment/DefaultProcessingEnvironment
Event: 1.967 loading class org/apache/commons/exec/environment/DefaultProcessingEnvironment done
Event: 1.967 loading class org/apache/commons/exec/environment/DefaultProcessingEnvironment
Event: 1.967 loading class org/apache/commons/exec/environment/DefaultProcessingEnvironment done
Event: 1.967 loading class java/lang/ProcessBuilder
Event: 1.967 loading class java/lang/ProcessBuilder done
Event: 1.968 loading class java/lang/ProcessImpl
Event: 1.968 loading class java/lang/Process
Event: 1.968 loading class java/lang/Process done
Event: 1.968 loading class java/lang/ProcessImpl done
Event: 1.971 loading class java/lang/ProcessImpl$2
Event: 1.971 loading class java/lang/ProcessImpl$2 done
Event: 1.971 loading class org/apache/commons/exec/InputStreamPumper
Event: 1.971 loading class org/apache/commons/exec/InputStreamPumper done
Event: 1.971 loading class org/apache/commons/exec/InputStreamPumper
Event: 1.971 loading class org/apache/commons/exec/InputStreamPumper done
Event: 1.972 loading class java/io/PipedOutputStream
Event: 1.972 loading class java/io/PipedOutputStream done
Event: 1.972 loading class org/apache/commons/exec/StreamPumper
Event: 1.972 loading class org/apache/commons/exec/StreamPumper done
Event: 1.972 loading class org/apache/commons/exec/StreamPumper
Event: 1.972 loading class org/apache/commons/exec/StreamPumper done
Event: 1.972 Thread 0x000000001ae05000 Thread added: 0x000000001ae05000
Event: 1.972 Thread 0x000000001af8a800 Thread added: 0x000000001af8a800
Event: 1.972 Thread 0x000000001af8d000 Thread added: 0x000000001af8d000


Dynamic libraries:
0x00007ff607bd0000 - 0x00007ff607c19000 	C:\Program Files\ojdkbuild\java-1.8.0-openjdk-1.8.0.232-1\bin\java.exe
0x00007ffaf6f40000 - 0x00007ffaf7130000 	C:\Windows\SYSTEM32\ntdll.dll
0x00007ffaf6db0000 - 0x00007ffaf6e62000 	C:\Windows\System32\KERNEL32.DLL
0x00007ffaf3f50000 - 0x00007ffaf41f3000 	C:\Windows\System32\KERNELBASE.dll
0x00007ffaf67e0000 - 0x00007ffaf6883000 	C:\Windows\System32\ADVAPI32.dll
0x00007ffaf5910000 - 0x00007ffaf59ae000 	C:\Windows\System32\msvcrt.dll
0x00007ffaf6b10000 - 0x00007ffaf6ba7000 	C:\Windows\System32\sechost.dll
0x00007ffaf5f80000 - 0x00007ffaf60a0000 	C:\Windows\System32\RPCRT4.dll
0x00007ffaf6c10000 - 0x00007ffaf6da4000 	C:\Windows\System32\USER32.dll
0x00007ffaf45e0000 - 0x00007ffaf4601000 	C:\Windows\System32\win32u.dll
0x00007ffaf6210000 - 0x00007ffaf6236000 	C:\Windows\System32\GDI32.dll
0x00007ffaf4d90000 - 0x00007ffaf4f24000 	C:\Windows\System32\gdi32full.dll
0x00007ffaf4f50000 - 0x00007ffaf4fee000 	C:\Windows\System32\msvcp_win.dll
0x00007ffaf4200000 - 0x00007ffaf42fa000 	C:\Windows\System32\ucrtbase.dll
0x00007ffae9be0000 - 0x00007ffae9e65000 	C:\Windows\WinSxS\amd64_microsoft.windows.common-controls_6595b64144ccf1df_6.0.18362.476_none_e6c4b11b130f2595\COMCTL32.dll
0x00007ffaf6310000 - 0x00007ffaf6646000 	C:\Windows\System32\combase.dll
0x00007ffaf3ed0000 - 0x00007ffaf3f50000 	C:\Windows\System32\bcryptPrimitives.dll
0x00007ffaf6ed0000 - 0x00007ffaf6efe000 	C:\Windows\System32\IMM32.DLL
0x0000000050190000 - 0x0000000050262000 	C:\Program Files\ojdkbuild\java-1.8.0-openjdk-1.8.0.232-1\jre\bin\msvcr100.dll
0x0000000050270000 - 0x0000000050b2b000 	C:\Program Files\ojdkbuild\java-1.8.0-openjdk-1.8.0.232-1\jre\bin\server\jvm.dll
0x00007ffaf4ff0000 - 0x00007ffaf4ff8000 	C:\Windows\System32\PSAPI.DLL
0x00007ffacfc90000 - 0x00007ffacfc99000 	C:\Windows\SYSTEM32\WSOCK32.dll
0x00007ffaf1750000 - 0x00007ffaf1774000 	C:\Windows\SYSTEM32\WINMM.dll
0x00007ffaef950000 - 0x00007ffaef95a000 	C:\Windows\SYSTEM32\VERSION.dll
0x00007ffaf6650000 - 0x00007ffaf66bf000 	C:\Windows\System32\WS2_32.dll
0x00007ffaf1720000 - 0x00007ffaf174d000 	C:\Windows\SYSTEM32\winmmbase.dll
0x00007ffaf4440000 - 0x00007ffaf448a000 	C:\Windows\System32\cfgmgr32.dll
0x00007ffad7f80000 - 0x00007ffad7f8f000 	C:\Program Files\ojdkbuild\java-1.8.0-openjdk-1.8.0.232-1\jre\bin\verify.dll
0x00007ffac8d40000 - 0x00007ffac8d69000 	C:\Program Files\ojdkbuild\java-1.8.0-openjdk-1.8.0.232-1\jre\bin\java.dll
0x00007ffac1d80000 - 0x00007ffac1d96000 	C:\Program Files\ojdkbuild\java-1.8.0-openjdk-1.8.0.232-1\jre\bin\zip.dll
0x00007ffaf5020000 - 0x00007ffaf5705000 	C:\Windows\System32\SHELL32.dll
0x00007ffaf5710000 - 0x00007ffaf57b9000 	C:\Windows\System32\shcore.dll
0x00007ffaf4610000 - 0x00007ffaf4d8e000 	C:\Windows\System32\windows.storage.dll
0x00007ffaf3eb0000 - 0x00007ffaf3ecf000 	C:\Windows\System32\profapi.dll
0x00007ffaf3e60000 - 0x00007ffaf3eaa000 	C:\Windows\System32\powrprof.dll
0x00007ffaf3e10000 - 0x00007ffaf3e20000 	C:\Windows\System32\UMPDC.dll
0x00007ffaf5f20000 - 0x00007ffaf5f72000 	C:\Windows\System32\shlwapi.dll
0x00007ffaf3e20000 - 0x00007ffaf3e31000 	C:\Windows\System32\kernel.appcore.dll
0x00007ffaf4f30000 - 0x00007ffaf4f47000 	C:\Windows\System32\cryptsp.dll
0x00007ffab5920000 - 0x00007ffab593a000 	C:\Program Files\ojdkbuild\java-1.8.0-openjdk-1.8.0.232-1\jre\bin\net.dll
0x00007ffaf3680000 - 0x00007ffaf36e7000 	C:\Windows\system32\mswsock.dll
0x00007ffab5900000 - 0x00007ffab5911000 	C:\Program Files\ojdkbuild\java-1.8.0-openjdk-1.8.0.232-1\jre\bin\nio.dll

VM Arguments:
jvm_args: -Dclassworlds.conf=C:\Program Files (x86)\NetBeans-11.2\netbeans\java\maven\bin\m2.conf -Dmaven.home=C:\Program Files (x86)\NetBeans-11.2\netbeans\java\maven -Dmaven.multiModuleProjectDirectory=C:\Users\MB-207\Documents\NetBeansProjects\Java0811\Java0811 
java_command: org.codehaus.plexus.classworlds.launcher.Launcher -Dexec.args=-classpath %classpath com.pcschool.ocp.d16_derby.case4_book.BookClient -Dexec.executable=C:\Program Files\ojdkbuild\java-1.8.0-openjdk-1.8.0.232-1\bin\java.exe -Dexec.classpathScope=runtime -Dmaven.ext.class.path=C:\Program Files (x86)\NetBeans-11.2\netbeans\java\maven-nblib\netbeans-eventspy.jar -Dfile.encoding=UTF-8 org.codehaus.mojo:exec-maven-plugin:1.5.0:exec
java_class_path (initial): C:\Program Files (x86)\NetBeans-11.2\netbeans\java\maven\boot\plexus-classworlds-2.5.2.jar
Launcher Type: SUN_STANDARD

Environment Variables:
JAVA_HOME=C:\Program Files\ojdkbuild\java-1.8.0-openjdk-1.8.0.232-1
PATH=C:\Program Files\AdoptOpenJDK\jre-11.0.5.10-hotspot\bin;C:\Program Files (x86)\AdoptOpenJDK\jre-8.0.232.09-hotspot\bin;C:\Windows\system32;C:\Windows;C:\Windows\System32\Wbem;C:\Windows\System32\WindowsPowerShell\v1.0\;C:\Windows\System32\OpenSSH\;C:\Program Files\ojdkbuild\java-1.8.0-openjdk-1.8.0.232-1\bin;C:\Program Files\ojdkbuild\java-1.8.0-openjdk-1.8.0.232-1\jre\bin;C:\Users\MB-207\AppData\Local\Microsoft\WindowsApps;
USERNAME=MB-study
OS=Windows_NT
PROCESSOR_IDENTIFIER=Intel64 Family 6 Model 42 Stepping 7, GenuineIntel



---------------  S Y S T E M  ---------------

OS: Windows 10.0 , 64 bit Build 18362 (10.0.18362.329)

CPU:total 4 (initial active 4) (4 cores per cpu, 1 threads per core) family 6 model 42 stepping 7, cmov, cx8, fxsr, mmx, sse, sse2, sse3, ssse3, sse4.1, sse4.2, popcnt, avx, aes, clmul, tsc, tscinvbit

Memory: 4k page, physical 8345568k(3240084k free), swap 8345568k(10040k free)

vm_info: OpenJDK 64-Bit Server VM (25.232-b09) for windows-amd64 JRE (1.8.0_232-b09), built on Oct 20 2019 21:49:19 by "VssAdministrator" with MS VC++ 10.0 (VS2010)

time: Wed Aug 26 15:50:35 2020
timezone: x_
elapsed time: 2 seconds (0d 0h 0m 2s)

